[20:15:58] [main/INFO]: Using mbed TLS based native cipher.
[20:15:58] [main/INFO]: Using zlib based native compressor.
[20:15:58] [main/INFO]: Enabled Waterfall version git:Waterfall-Bootstrap:1.19-R0.1-SNAPSHOT:f6069e2:513
[20:15:58] [main/INFO]: Not on Windows, attempting to use enhanced EpollEventLoop
[20:15:58] [main/INFO]: Epoll is working, utilising it!
[20:15:58] [main/INFO]: Discovered module: ModuleSpec(name=cmd_alert, file=modules/cmd_alert.jar, provider=JenkinsModuleSource())
[20:15:58] [main/INFO]: Discovered module: ModuleSpec(name=cmd_find, file=modules/cmd_find.jar, provider=JenkinsModuleSource())
[20:15:58] [main/INFO]: Discovered module: ModuleSpec(name=cmd_list, file=modules/cmd_list.jar, provider=JenkinsModuleSource())
[20:15:58] [main/INFO]: Discovered module: ModuleSpec(name=cmd_send, file=modules/cmd_send.jar, provider=JenkinsModuleSource())
[20:15:58] [main/INFO]: Discovered module: ModuleSpec(name=cmd_server, file=modules/cmd_server.jar, provider=JenkinsModuleSource())
[20:15:58] [main/INFO]: Discovered module: ModuleSpec(name=reconnect_yaml, file=modules/reconnect_yaml.jar, provider=JenkinsModuleSource())
[20:15:58] [main/INFO]: Loaded plugin reconnect_yaml version git:reconnect_yaml:1.19-R0.1-SNAPSHOT:f6069e2:513 by WaterfallMC
[20:15:58] [main/INFO]: Loaded plugin cmd_find version git:cmd_find:1.19-R0.1-SNAPSHOT:f6069e2:513 by WaterfallMC
[20:15:58] [main/INFO]: Loaded plugin cmd_server version git:cmd_server:1.19-R0.1-SNAPSHOT:f6069e2:513 by WaterfallMC
[20:15:58] [main/INFO]: Loaded plugin cmd_alert version git:cmd_alert:1.19-R0.1-SNAPSHOT:f6069e2:513 by WaterfallMC
[20:15:58] [main/INFO]: Loaded plugin cmd_send version git:cmd_send:1.19-R0.1-SNAPSHOT:f6069e2:513 by WaterfallMC
[20:15:58] [main/INFO]: Loaded plugin cmd_list version git:cmd_list:1.19-R0.1-SNAPSHOT:f6069e2:513 by WaterfallMC
[20:15:58] [main/WARN]: :>:>:>:>:>:>:>:>:>:>:>:>:>:>:>:>:>:>:>:>:>:>:>
[20:15:58] [main/WARN]: :>  
[20:15:58] [main/WARN]: :>      EAGLERCRAFTXBUNGEE WARNING:
[20:15:58] [main/WARN]: :>  
[20:15:58] [main/WARN]: :>  This plugin wasn't tested to be 'working'
[20:15:58] [main/WARN]: :>  with ANY version of BungeeCord (and forks)
[20:15:58] [main/WARN]: :>  apart from the versions listed below:
[20:15:58] [main/WARN]: :>  
[20:15:58] [main/WARN]: :>  - BungeeCord: 1.20-R0.3-SNAPSHOT:eda268b:1797
[20:15:58] [main/WARN]: :>  - Waterfall: 1.20-R0.2-SNAPSHOT:92b5149:562
[20:15:58] [main/WARN]: :>  - FlameCord: 1.1.1
[20:15:58] [main/WARN]: :>  
[20:15:58] [main/WARN]: :>  This is not a Bukkit/Spigot plugin!
[20:15:58] [main/WARN]: :>  
[20:15:58] [main/WARN]: :>  Use "-Deaglerxbungee.stfu=true" to hide
[20:15:58] [main/WARN]: :>  
[20:15:58] [main/WARN]: :>:>:>:>:>:>:>:>:>:>:>:>:>:>:>:>:>:>:>:>:>:>:>
[20:15:59] [main/INFO] [EaglercraftXBungee]: Loading vanilla profile: lax1dude
[20:16:00] [Skin Download Thread #1/INFO] [EaglercraftXBungee]: Loaded vanilla profile: lax1dude
[20:16:00] [main/INFO]: Loaded plugin EaglercraftXBungee version 1.0.10 by lax1dude
[20:16:00] [main/WARN]: Forced host server pvp is not defined
[20:16:00] [main/INFO]: Enabled plugin reconnect_yaml version git:reconnect_yaml:1.19-R0.1-SNAPSHOT:f6069e2:513 by WaterfallMC
[20:16:00] [main/INFO]: Enabled plugin cmd_find version git:cmd_find:1.19-R0.1-SNAPSHOT:f6069e2:513 by WaterfallMC
[20:16:00] [main/INFO]: Enabled plugin cmd_server version git:cmd_server:1.19-R0.1-SNAPSHOT:f6069e2:513 by WaterfallMC
[20:16:00] [main/INFO]: Enabled plugin cmd_alert version git:cmd_alert:1.19-R0.1-SNAPSHOT:f6069e2:513 by WaterfallMC
[20:16:00] [main/INFO]: Enabled plugin cmd_send version git:cmd_send:1.19-R0.1-SNAPSHOT:f6069e2:513 by WaterfallMC
[20:16:00] [main/INFO]: Enabled plugin cmd_list version git:cmd_list:1.19-R0.1-SNAPSHOT:f6069e2:513 by WaterfallMC
[20:16:00] [main/ERROR] [EaglercraftXBungee]: Online mode is set to false! Authentication system has been disabled
[20:16:00] [Netty Worker IO Thread #0/INFO] [EaglercraftXBungee]: Eaglercraft is listening on: /0.0.0.0:8081
[20:16:01] [main/INFO] [EaglercraftXBungee]: Connected to database: jdbc:sqlite:eaglercraft_skins_cache.db
[20:16:01] [main/INFO]: Enabled plugin EaglercraftXBungee version 1.0.10 by lax1dude
[20:16:01] [Netty Boss IO Thread #0/INFO]: Listening on /127.0.0.1:25577
[20:16:01] [EaglerXBungee: Network Tick Tasks/INFO] [EaglercraftXBungee]: Loaded certificate: /workspaces/blankyyy/bungee/plugins/EaglercraftXBungee/eagcert/$dl.24a1bafc15c675276968d78cdcb55a04992bddb0.cert
[20:16:01] [EaglerXBungee: Network Tick Tasks/INFO] [EaglercraftXBungee]: Loaded certificate: /workspaces/blankyyy/bungee/plugins/EaglercraftXBungee/eagcert/$dl.2c63d6a9be9d273db57d50cb026093cb97ea6e54.cert
[20:17:01] [Netty Worker IO Thread #2/WARN] [EaglercraftXBungee]: Server icon is not a file: /workspaces/blankyyy/bungee/server-icon.png
[20:17:01] [Netty Worker IO Thread #3/INFO] [EaglercraftXBungee]: [/[0:0:0:0:0:0:0:1%0]:37888]: Connected via websocket
[20:17:01] [Netty Worker IO Thread #3/INFO] [EaglercraftXBungee]: [/[0:0:0:0:0:0:0:1%0]:37888]: Origin header is http://localhost:8081
[20:17:02] [Netty Worker IO Thread #3/INFO] [EaglercraftXBungee]: [/[0:0:0:0:0:0:0:1%0]:37888]: Logged in as 'whowantfact_'
[20:17:02] [Netty Worker IO Thread #3/INFO]: [/[0:0:0:0:0:0:0:1%0]:37888|whowantfact_] -> UpstreamBridge has connected
[20:17:02] [Netty Worker IO Thread #3/INFO]: [whowantfact_|/[0:0:0:0:0:0:0:1%0]:37888] <-> ServerConnector [lobby] has connected
[20:17:10] [Netty Worker IO Thread #3/INFO]: [/[0:0:0:0:0:0:0:1%0]:37888|whowantfact_] -> UpstreamBridge has disconnected
[20:17:10] [Netty Worker IO Thread #3/INFO]: [whowantfact_] disconnected with: Proxy lost connection to server.
[20:17:10] [Netty Worker IO Thread #3/INFO]: [/[0:0:0:0:0:0:0:1%0]:37888|whowantfact_] <-> DownstreamBridge <-> [lobby] has disconnected
[20:17:17] [Netty Worker IO Thread #2/INFO] [EaglercraftXBungee]: [/[0:0:0:0:0:0:0:1%0]:55912]: Connected via websocket
[20:17:17] [Netty Worker IO Thread #2/INFO] [EaglercraftXBungee]: [/[0:0:0:0:0:0:0:1%0]:55912]: Origin header is http://localhost:8081
[20:17:17] [Netty Worker IO Thread #2/INFO] [EaglercraftXBungee]: [/[0:0:0:0:0:0:0:1%0]:55912]: Logged in as 'whowantfact'
[20:17:17] [Netty Worker IO Thread #2/INFO]: [/[0:0:0:0:0:0:0:1%0]:55912|whowantfact] -> UpstreamBridge has connected
[20:17:17] [Netty Worker IO Thread #2/INFO]: [whowantfact|/[0:0:0:0:0:0:0:1%0]:55912] <-> ServerConnector [lobby] has connected
